<?xml version="1.0" encoding="UTF-8"?>
<!-- Generated by org.testng.reporters.JUnitReportReporter -->
<testsuite skipped="0" hostname="DESKTOP-53SDACD" name="testpack.TestNGDemo" tests="2" failures="0" timestamp="30 May 2019 03:03:51 GMT" time="0.016" errors="0">
  <testcase name="f" time="0.012" classname="testpack.TestNGDemo"/>
  <testcase name="f" time="0.004" classname="testpack.TestNGDemo"/>
</testsuite> <!-- testpack.TestNGDemo -->
