<?xml version="1.0" encoding="UTF-8"?>
<!-- Generated by org.testng.reporters.JUnitReportReporter -->
<testsuite skipped="0" hostname="DESKTOP-53SDACD" name="testpack.WebDriverTestNG" tests="2" failures="0" timestamp="07 Jun 2019 02:31:55 GMT" time="28.049" errors="0">
  <testcase name="f" time="18.941" classname="testpack.WebDriverTestNG"/>
  <testcase name="f" time="9.108" classname="testpack.WebDriverTestNG"/>
</testsuite> <!-- testpack.WebDriverTestNG -->
